Unable to capture context for thread 15668 in process 5252, can not generate back trace
Unable to capture context for thread 3888 in process 5252, can not generate back trace
Exception at PC 0x00007FFE8E73BB93
Printing stacktrace...

[0]  [0x00007FFE8E73BB93]
[1]  [0x00007FFE8E73BB93]
[2]  [0x00007FFE8E73B4A1]
[3]  [0x00007FFE8E73B3EF]
[4]  [0x00007FFE8E7219FE]
[5]  [0x00007FFE8E720ED1]
[6]  [0x00007FFE8E720D76]
[7]  [0x00007FFE8E6C79F6]
[8]  [0x00007FFE8E6B7AFB]
[9]  [0x00007FFE8E7DE90A]
[10]  [0x00007FFE8E7F9F87]
[11]  [0x00007FFE8E7FA05F]
[12] (BaseThreadInitThunk+0x14) [0x00007FFEFD878364]
[13] (RtlUserThreadStart+0x21) [0x00007FFEFD9E70D1]
Done
Exception at PC 0x00007FFE8E441A52
Attemped to write at address 0x00007FFED8B2ABA4
Printing stacktrace...

[0]  [0x00007FFE8E441A52]
[1]  [0x00007FFE8E441A52]
[2]  [0x00007FFE8E441AD4]
[3]  [0x00007FFE8E583FF7]
[4]  [0x00007FFE8E469128]
[5]  [0x00007FFE8E71DFB9]
[6]  [0x00007FFE8E8EEF23]
[7]  [0x00007FFE8E7FB06B]
[8]  [0x00007FFE8E7F08AF]
[9]  [0x00007FFE8E7F0A32]
[10] (RtlDeactivateActivationContextUnsafeFast+0x1bf) [0x00007FFEFD9AA35F]
[11] (LdrShutdownProcess+0x14b) [0x00007FFEFD98806B]
[12] (RtlExitUserProcess+0xb4) [0x00007FFEFD987D94]
[13] (ExitProcess+0xa) [0x00007FFEFD88CE6A]
[14] (exit+0x85) [0x00007FFEFD3FA4A5]
[15] (initterm_e+0x231) [0x00007FFEFD3FAB01]
[16]  [0x00000000004014CD]
[17]  [0x000000000040151B]
[18] (BaseThreadInitThunk+0x14) [0x00007FFEFD878364]
[19] (RtlUserThreadStart+0x21) [0x00007FFEFD9E70D1]
Done
